<?xml version="1.0" encoding="UTF-8"?>
<testsuite xmlns:xsi="http://www.w3.org/2001/XMLSchema-instance" xsi:noNamespaceSchemaLocation="https://maven.apache.org/surefire/maven-surefire-plugin/xsd/surefire-test-report-3.0.xsd" version="3.0" name="pdytr.example.grpc.AppTest" time="0.102" tests="1" errors="0" skipped="0" failures="0">
  <properties>
    <property name="java.specification.version" value="22"/>
    <property name="sun.cpu.isalist" value="amd64"/>
    <property name="sun.jnu.encoding" value="Cp1252"/>
    <property name="java.class.path" value="C:\Users\Kira\Desktop\Facultad\8vo Semestre\Sistemas Distribuidos\Tp3\10-gRPC\pdytr-grpc-demo\grpc-hello-server\target\test-classes;C:\Users\Kira\Desktop\Facultad\8vo Semestre\Sistemas Distribuidos\Tp3\10-gRPC\pdytr-grpc-demo\grpc-hello-server\target\classes;C:\Users\Kira\.m2\repository\junit\junit\3.8.1\junit-3.8.1.jar;C:\Users\Kira\.m2\repository\io\grpc\grpc-netty\1.7.0\grpc-netty-1.7.0.jar;C:\Users\Kira\.m2\repository\io\grpc\grpc-core\1.7.0\grpc-core-1.7.0.jar;C:\Users\Kira\.m2\repository\io\grpc\grpc-context\1.7.0\grpc-context-1.7.0.jar;C:\Users\Kira\.m2\repository\com\google\errorprone\error_prone_annotations\2.0.19\error_prone_annotations-2.0.19.jar;C:\Users\Kira\.m2\repository\com\google\code\findbugs\jsr305\3.0.0\jsr305-3.0.0.jar;C:\Users\Kira\.m2\repository\com\google\instrumentation\instrumentation-api\0.4.3\instrumentation-api-0.4.3.jar;C:\Users\Kira\.m2\repository\io\opencensus\opencensus-api\0.6.0\opencensus-api-0.6.0.jar;C:\Users\Kira\.m2\repository\io\netty\netty-codec-http2\4.1.16.Final\netty-codec-http2-4.1.16.Final.jar;C:\Users\Kira\.m2\repository\io\netty\netty-codec-http\4.1.16.Final\netty-codec-http-4.1.16.Final.jar;C:\Users\Kira\.m2\repository\io\netty\netty-codec\4.1.16.Final\netty-codec-4.1.16.Final.jar;C:\Users\Kira\.m2\repository\io\netty\netty-handler\4.1.16.Final\netty-handler-4.1.16.Final.jar;C:\Users\Kira\.m2\repository\io\netty\netty-buffer\4.1.16.Final\netty-buffer-4.1.16.Final.jar;C:\Users\Kira\.m2\repository\io\netty\netty-common\4.1.16.Final\netty-common-4.1.16.Final.jar;C:\Users\Kira\.m2\repository\io\netty\netty-handler-proxy\4.1.16.Final\netty-handler-proxy-4.1.16.Final.jar;C:\Users\Kira\.m2\repository\io\netty\netty-transport\4.1.16.Final\netty-transport-4.1.16.Final.jar;C:\Users\Kira\.m2\repository\io\netty\netty-resolver\4.1.16.Final\netty-resolver-4.1.16.Final.jar;C:\Users\Kira\.m2\repository\io\netty\netty-codec-socks\4.1.16.Final\netty-codec-socks-4.1.16.Final.jar;C:\Users\Kira\.m2\repository\io\grpc\grpc-protobuf\1.7.0\grpc-protobuf-1.7.0.jar;C:\Users\Kira\.m2\repository\com\google\protobuf\protobuf-java\3.4.0\protobuf-java-3.4.0.jar;C:\Users\Kira\.m2\repository\com\google\guava\guava\19.0\guava-19.0.jar;C:\Users\Kira\.m2\repository\com\google\protobuf\protobuf-java-util\3.4.0\protobuf-java-util-3.4.0.jar;C:\Users\Kira\.m2\repository\com\google\code\gson\gson\2.7\gson-2.7.jar;C:\Users\Kira\.m2\repository\com\google\api\grpc\proto-google-common-protos\0.1.9\proto-google-common-protos-0.1.9.jar;C:\Users\Kira\.m2\repository\io\grpc\grpc-protobuf-lite\1.7.0\grpc-protobuf-lite-1.7.0.jar;C:\Users\Kira\.m2\repository\io\grpc\grpc-stub\1.7.0\grpc-stub-1.7.0.jar;C:\Users\Kira\.m2\repository\javax\annotation\javax.annotation-api\1.2\javax.annotation-api-1.2.jar;"/>
    <property name="java.vm.vendor" value="Oracle Corporation"/>
    <property name="sun.arch.data.model" value="64"/>
    <property name="user.variant" value=""/>
    <property name="java.vendor.url" value="https://java.oracle.com/"/>
    <property name="user.timezone" value="America/Buenos_Aires"/>
    <property name="os.name" value="Windows 10"/>
    <property name="java.vm.specification.version" value="22"/>
    <property name="sun.java.launcher" value="SUN_STANDARD"/>
    <property name="user.country" value="AR"/>
    <property name="sun.boot.library.path" value="C:\Program Files\Java\jdk-22\bin"/>
    <property name="sun.java.command" value="C:\Users\Kira\AppData\Local\Temp\surefire566370438651047141\surefirebooter-20241023100834096_3.jar C:\Users\Kira\AppData\Local\Temp\surefire566370438651047141 2024-10-23T10-08-33_773-jvmRun1 surefire-20241023100834096_1tmp surefire_0-20241023100834096_2tmp"/>
    <property name="jdk.debug" value="release"/>
    <property name="surefire.test.class.path" value="C:\Users\Kira\Desktop\Facultad\8vo Semestre\Sistemas Distribuidos\Tp3\10-gRPC\pdytr-grpc-demo\grpc-hello-server\target\test-classes;C:\Users\Kira\Desktop\Facultad\8vo Semestre\Sistemas Distribuidos\Tp3\10-gRPC\pdytr-grpc-demo\grpc-hello-server\target\classes;C:\Users\Kira\.m2\repository\junit\junit\3.8.1\junit-3.8.1.jar;C:\Users\Kira\.m2\repository\io\grpc\grpc-netty\1.7.0\grpc-netty-1.7.0.jar;C:\Users\Kira\.m2\repository\io\grpc\grpc-core\1.7.0\grpc-core-1.7.0.jar;C:\Users\Kira\.m2\repository\io\grpc\grpc-context\1.7.0\grpc-context-1.7.0.jar;C:\Users\Kira\.m2\repository\com\google\errorprone\error_prone_annotations\2.0.19\error_prone_annotations-2.0.19.jar;C:\Users\Kira\.m2\repository\com\google\code\findbugs\jsr305\3.0.0\jsr305-3.0.0.jar;C:\Users\Kira\.m2\repository\com\google\instrumentation\instrumentation-api\0.4.3\instrumentation-api-0.4.3.jar;C:\Users\Kira\.m2\repository\io\opencensus\opencensus-api\0.6.0\opencensus-api-0.6.0.jar;C:\Users\Kira\.m2\repository\io\netty\netty-codec-http2\4.1.16.Final\netty-codec-http2-4.1.16.Final.jar;C:\Users\Kira\.m2\repository\io\netty\netty-codec-http\4.1.16.Final\netty-codec-http-4.1.16.Final.jar;C:\Users\Kira\.m2\repository\io\netty\netty-codec\4.1.16.Final\netty-codec-4.1.16.Final.jar;C:\Users\Kira\.m2\repository\io\netty\netty-handler\4.1.16.Final\netty-handler-4.1.16.Final.jar;C:\Users\Kira\.m2\repository\io\netty\netty-buffer\4.1.16.Final\netty-buffer-4.1.16.Final.jar;C:\Users\Kira\.m2\repository\io\netty\netty-common\4.1.16.Final\netty-common-4.1.16.Final.jar;C:\Users\Kira\.m2\repository\io\netty\netty-handler-proxy\4.1.16.Final\netty-handler-proxy-4.1.16.Final.jar;C:\Users\Kira\.m2\repository\io\netty\netty-transport\4.1.16.Final\netty-transport-4.1.16.Final.jar;C:\Users\Kira\.m2\repository\io\netty\netty-resolver\4.1.16.Final\netty-resolver-4.1.16.Final.jar;C:\Users\Kira\.m2\repository\io\netty\netty-codec-socks\4.1.16.Final\netty-codec-socks-4.1.16.Final.jar;C:\Users\Kira\.m2\repository\io\grpc\grpc-protobuf\1.7.0\grpc-protobuf-1.7.0.jar;C:\Users\Kira\.m2\repository\com\google\protobuf\protobuf-java\3.4.0\protobuf-java-3.4.0.jar;C:\Users\Kira\.m2\repository\com\google\guava\guava\19.0\guava-19.0.jar;C:\Users\Kira\.m2\repository\com\google\protobuf\protobuf-java-util\3.4.0\protobuf-java-util-3.4.0.jar;C:\Users\Kira\.m2\repository\com\google\code\gson\gson\2.7\gson-2.7.jar;C:\Users\Kira\.m2\repository\com\google\api\grpc\proto-google-common-protos\0.1.9\proto-google-common-protos-0.1.9.jar;C:\Users\Kira\.m2\repository\io\grpc\grpc-protobuf-lite\1.7.0\grpc-protobuf-lite-1.7.0.jar;C:\Users\Kira\.m2\repository\io\grpc\grpc-stub\1.7.0\grpc-stub-1.7.0.jar;C:\Users\Kira\.m2\repository\javax\annotation\javax.annotation-api\1.2\javax.annotation-api-1.2.jar;"/>
    <property name="sun.cpu.endian" value="little"/>
    <property name="user.home" value="C:\Users\Kira"/>
    <property name="user.language" value="es"/>
    <property name="java.specification.vendor" value="Oracle Corporation"/>
    <property name="java.version.date" value="2024-07-16"/>
    <property name="java.home" value="C:\Program Files\Java\jdk-22"/>
    <property name="file.separator" value="\"/>
    <property name="basedir" value="C:\Users\Kira\Desktop\Facultad\8vo Semestre\Sistemas Distribuidos\Tp3\10-gRPC\pdytr-grpc-demo\grpc-hello-server"/>
    <property name="java.vm.compressedOopsMode" value="Zero based"/>
    <property name="line.separator" value="&#10;"/>
    <property name="java.vm.specification.vendor" value="Oracle Corporation"/>
    <property name="java.specification.name" value="Java Platform API Specification"/>
    <property name="surefire.real.class.path" value="C:\Users\Kira\AppData\Local\Temp\surefire566370438651047141\surefirebooter-20241023100834096_3.jar"/>
    <property name="user.script" value=""/>
    <property name="sun.management.compiler" value="HotSpot 64-Bit Tiered Compilers"/>
    <property name="java.runtime.version" value="22.0.2+9-70"/>
    <property name="user.name" value="Kira"/>
    <property name="stdout.encoding" value="Cp1252"/>
    <property name="path.separator" value=";"/>
    <property name="os.version" value="10.0"/>
    <property name="java.runtime.name" value="Java(TM) SE Runtime Environment"/>
    <property name="file.encoding" value="UTF-8"/>
    <property name="java.vm.name" value="Java HotSpot(TM) 64-Bit Server VM"/>
    <property name="localRepository" value="C:\Users\Kira\.m2\repository"/>
    <property name="java.vendor.url.bug" value="https://bugreport.java.com/bugreport/"/>
    <property name="java.io.tmpdir" value="C:\Users\Kira\AppData\Local\Temp\"/>
    <property name="java.version" value="22.0.2"/>
    <property name="user.dir" value="C:\Users\Kira\Desktop\Facultad\8vo Semestre\Sistemas Distribuidos\Tp3\10-gRPC\pdytr-grpc-demo\grpc-hello-server"/>
    <property name="os.arch" value="amd64"/>
    <property name="java.vm.specification.name" value="Java Virtual Machine Specification"/>
    <property name="sun.os.patch.level" value=""/>
    <property name="native.encoding" value="Cp1252"/>
    <property name="java.library.path" value="C:\Program Files\Java\jdk-22\bin;C:\WINDOWS\Sun\Java\bin;C:\WINDOWS\system32;C:\WINDOWS;C:\Program Files\Common Files\Oracle\Java\javapath;C:\Program Files (x86)\Common Files\Oracle\Java\javapath;C:\WINDOWS\system32;C:\WINDOWS;C:\WINDOWS\System32\Wbem;C:\WINDOWS\System32\WindowsPowerShell\v1.0\;C:\WINDOWS\System32\OpenSSH\;C:\Program Files\dotnet\;C:\Program Files\Git\cmd;C:\Program Files\Intel\WiFi\bin\;C:\Program Files\Common Files\Intel\WirelessCommon\;C:\ffmpeg;C:\Program Files\Docker\Docker\resources\bin;C:\Program Files\Java\jdk-22\bin;C:\Program Files\Vagrant\bin;C:\Users\Kira\AppData\Local\Programs\Python\Python312\Scripts\;C:\Users\Kira\AppData\Local\Programs\Python\Python312\;C:\Users\Kira\AppData\Local\Programs\Python\Launcher\;C:\Users\Kira\AppData\Local\Microsoft\WindowsApps;C:\Users\Kira\AppData\Local\Programs\Microsoft VS Code\bin;C:\Users\Kira\.dotnet\tools;C:\Program Files\Intel\WiFi\bin\;C:\Program Files\Common Files\Intel\WirelessCommon\;C:\Program Files (x86)\Nmap;F:\VirtualBox;C:\Program Files\JetBrains\IntelliJ IDEA Community Edition 2024.2.3\bin;;C:\apache-maven\apache-maven-3.9.9\bin;;."/>
    <property name="java.vm.info" value="mixed mode, sharing"/>
    <property name="stderr.encoding" value="Cp1252"/>
    <property name="java.vendor" value="Oracle Corporation"/>
    <property name="java.vm.version" value="22.0.2+9-70"/>
    <property name="sun.io.unicode.encoding" value="UnicodeLittle"/>
    <property name="java.class.version" value="66.0"/>
  </properties>
  <testcase name="testApp" classname="pdytr.example.grpc.AppTest" time="0.026"/>
</testsuite>